<?xml version="1.0" encoding="UTF-8"?>
<testsuite name="yincana.MisionSpec" tests="2" skipped="0" failures="0" errors="0" timestamp="2021-10-28T16:09:39" hostname="DESKTOP-THMRC3G" time="0.008">
  <properties/>
  <testcase name="Resolver con respuesta correcta" classname="yincana.MisionSpec" time="0.006"/>
  <testcase name="Resolver con respuesta incorrecta" classname="yincana.MisionSpec" time="0.001"/>
  <system-out><![CDATA[]]></system-out>
  <system-err><![CDATA[]]></system-err>
</testsuite>
